build/app/intermediates/manifest_merge_blame_file/debug/manifest-merger-blame-debug-report.txt
1<?xml version="1.0" encoding="utf-8"?>
2<manifest xmlns:android="http://schemas.android.com/apk/res/android"
3    package="com.example.sfmc_holoapp"
4    android:versionCode="1"
5    android:versionName="1.0.0" >
6
7    <uses-sdk
8        android:minSdkVersion="18"
9        android:targetSdkVersion="28" />
10    <!--
11         Flutter needs it to communicate with the running application
12         to allow setting breakpoints, to provide hot reload, etc.
13    -->
14    <uses-permission android:name="android.permission.INTERNET" />
14-->src/debug/AndroidManifest.xml:6:5-66
14-->src/debug/AndroidManifest.xml:6:22-64
15    <uses-permission android:name="android.permission.ACCESS_NETWORK_STATE" />
15-->[com.evergage.android:evergage-android-sdk:1.3.0] AndroidManifest.xml:13:5-79
15-->[com.evergage.android:evergage-android-sdk:1.3.0] AndroidManifest.xml:13:22-76
16    <uses-permission android:name="android.permission.WAKE_LOCK" /> <!-- Required by older versions of Google Play services to create IID tokens -->
16-->[com.google.firebase:firebase-iid:20.0.1] AndroidManifest.xml:24:5-68
16-->[com.google.firebase:firebase-iid:20.0.1] AndroidManifest.xml:24:22-65
17    <uses-permission android:name="com.google.android.c2dm.permission.RECEIVE" />
17-->[com.google.firebase:firebase-iid:20.0.1] AndroidManifest.xml:26:5-82
17-->[com.google.firebase:firebase-iid:20.0.1] AndroidManifest.xml:26:22-79
18    <!--
19 io.flutter.app.FlutterApplication is an android.app.Application that
20         calls FlutterMain.startInitialization(this); in its onCreate method.
21         In most cases you can leave this as-is, but you if you want to provide
22         additional functionality it is fine to subclass or reimplement
23         FlutterApplication and put your custom class here.
24    -->
25    <application
25-->src/main/AndroidManifest.xml:8:5-50:19
26        android:name="com.example.sfmc_holoapp.MyFlutterApplication"
26-->src/main/AndroidManifest.xml:9:9-69
27        android:appComponentFactory="androidx.core.app.CoreComponentFactory"
27-->[androidx.core:core:1.1.0] AndroidManifest.xml:24:18-86
28        android:debuggable="true"
29        android:icon="@mipmap/ic_launcher"
29-->src/main/AndroidManifest.xml:11:9-43
30        android:label="sfmc_holoapp" >
30-->src/main/AndroidManifest.xml:10:9-37
31        <activity
31-->src/main/AndroidManifest.xml:12:9-44:20
32            android:name="com.example.sfmc_holoapp.MainActivity"
32-->src/main/AndroidManifest.xml:13:13-41
33            android:configChanges="orientation|keyboardHidden|keyboard|screenSize|smallestScreenSize|locale|layoutDirection|fontScale|screenLayout|density|uiMode"
33-->src/main/AndroidManifest.xml:16:13-163
34            android:hardwareAccelerated="true"
34-->src/main/AndroidManifest.xml:17:13-47
35            android:launchMode="singleTop"
35-->src/main/AndroidManifest.xml:14:13-43
36            android:theme="@style/LaunchTheme"
36-->src/main/AndroidManifest.xml:15:13-47
37            android:windowSoftInputMode="adjustResize" >
37-->src/main/AndroidManifest.xml:18:13-55
38
39            <!--
40                 Specifies an Android theme to apply to this Activity as soon as
41                 the Android process has started. This theme is visible to the user
42                 while the Flutter UI initializes. After that, this theme continues
43                 to determine the Window background behind the Flutter UI.
44            -->
45            <meta-data
45-->src/main/AndroidManifest.xml:23:13-26:17
46                android:name="io.flutter.embedding.android.NormalTheme"
46-->src/main/AndroidManifest.xml:24:15-70
47                android:resource="@style/NormalTheme" />
47-->src/main/AndroidManifest.xml:25:15-52
48            <!--
49                 Displays an Android View that continues showing the launch screen
50                 Drawable until Flutter paints its first frame, then this splash
51                 screen fades out. A splash screen is useful to avoid any visual
52                 gap between the end of Android's launch screen and the painting of
53                 Flutter's first frame.
54            -->
55            <meta-data
55-->src/main/AndroidManifest.xml:32:13-35:17
56                android:name="io.flutter.embedding.android.SplashScreenDrawable"
56-->src/main/AndroidManifest.xml:33:15-79
57                android:resource="@drawable/launch_background" />
57-->src/main/AndroidManifest.xml:34:15-61
58
59            <intent-filter>
59-->src/main/AndroidManifest.xml:36:13-39:29
60                <action android:name="android.intent.action.MAIN" />
60-->src/main/AndroidManifest.xml:37:17-68
60-->src/main/AndroidManifest.xml:37:25-66
61
62                <category android:name="android.intent.category.LAUNCHER" />
62-->src/main/AndroidManifest.xml:38:17-76
62-->src/main/AndroidManifest.xml:38:27-74
63            </intent-filter>
64            <intent-filter>
64-->src/main/AndroidManifest.xml:40:13-43:29
65                <action android:name="FLUTTER_NOTIFICATION_CLICK" />
65-->src/main/AndroidManifest.xml:41:17-69
65-->src/main/AndroidManifest.xml:41:25-66
66
67                <category android:name="android.intent.category.DEFAULT" />
67-->src/main/AndroidManifest.xml:42:17-76
67-->src/main/AndroidManifest.xml:42:27-73
68            </intent-filter>
69        </activity>
70        <!--
71             Don't delete the meta-data below.
72             This is used by the Flutter tool to generate GeneratedPluginRegistrant.java
73        -->
74        <!--
75            meta-data
76            android:name="flutterEmbedding"
77            android:value="2" /
78        -->
79        <service android:name="io.flutter.plugins.firebasemessaging.FlutterFirebaseMessagingService" >
79-->[:firebase_messaging] AndroidManifest.xml:8:9-12:19
79-->[:firebase_messaging] AndroidManifest.xml:8:18-101
80            <intent-filter>
80-->[:firebase_messaging] AndroidManifest.xml:9:13-11:29
81                <action android:name="com.google.firebase.MESSAGING_EVENT" />
81-->[:firebase_messaging] AndroidManifest.xml:10:17-78
81-->[:firebase_messaging] AndroidManifest.xml:10:25-75
82            </intent-filter>
83        </service>
84        <service
84-->[:firebase_messaging] AndroidManifest.xml:13:9-17:19
85            android:name="com.google.firebase.components.ComponentDiscoveryService"
85-->[:firebase_messaging] AndroidManifest.xml:13:18-89
86            android:directBootAware="true"
86-->[com.google.firebase:firebase-common:19.2.0] AndroidManifest.xml:15:13-43
87            android:exported="false" >
87-->[com.google.firebase:firebase-iid:20.0.1] AndroidManifest.xml:31:13-37
88            <meta-data
88-->[:firebase_messaging] AndroidManifest.xml:14:13-16:85
89                android:name="com.google.firebase.components:io.flutter.plugins.firebasemessaging.FlutterFirebaseAppRegistrar"
89-->[:firebase_messaging] AndroidManifest.xml:15:17-127
90                android:value="com.google.firebase.components.ComponentRegistrar" />
90-->[:firebase_messaging] AndroidManifest.xml:16:17-82
91            <meta-data
91-->[com.google.firebase:firebase-iid:20.0.1] AndroidManifest.xml:32:13-34:85
92                android:name="com.google.firebase.components:com.google.firebase.iid.Registrar"
92-->[com.google.firebase:firebase-iid:20.0.1] AndroidManifest.xml:33:17-96
93                android:value="com.google.firebase.components.ComponentRegistrar" />
93-->[com.google.firebase:firebase-iid:20.0.1] AndroidManifest.xml:34:17-82
94        </service>
95
96        <activity
96-->[com.evergage.android:evergage-android-sdk:1.3.0] AndroidManifest.xml:16:9-46:20
97            android:name="com.evergage.android.EvergageActivity"
97-->[com.evergage.android:evergage-android-sdk:1.3.0] AndroidManifest.xml:17:13-65
98            android:enabled="false"
98-->[com.evergage.android:evergage-android-sdk:1.3.0] AndroidManifest.xml:18:13-36
99            android:excludeFromRecents="true"
99-->[com.evergage.android:evergage-android-sdk:1.3.0] AndroidManifest.xml:19:13-46
100            android:launchMode="singleInstance"
100-->[com.evergage.android:evergage-android-sdk:1.3.0] AndroidManifest.xml:20:13-48
101            android:noHistory="true"
101-->[com.evergage.android:evergage-android-sdk:1.3.0] AndroidManifest.xml:21:13-37
102            android:taskAffinity="" >
102-->[com.evergage.android:evergage-android-sdk:1.3.0] AndroidManifest.xml:22:13-36
103            <intent-filter>
103-->[com.evergage.android:evergage-android-sdk:1.3.0] AndroidManifest.xml:23:13-45:29
104
105                <!--
106                    In order to support easily and codelessly managing test campaigns in
107                    debug/debuggable builds, by opening related URLs in the mobile browser on the
108                    device, the app needs to provide its Evergage-generated URL Scheme:
109                    - Find it in the Evergage web app. Select the dataset and navigate:
110                      Settings > Sources > Apps > (this app) > URL Scheme: (format "evgxxxxx")
111                    - Provide it by defining the @string/evergage_scheme resource by either:
112                       a) Add it to res/values/strings.xml: <string name="evergage_scheme">evgxxxxx</string>
113                       OR
114                       b) Define it in gradle: android { defaultConfig { resValue "string", "evergage_scheme", "evgxxxxx" }}
115                   See EvergageActivity doc for more info.
116                -->
117                <data android:scheme="@string/evergage_scheme" />
117-->[com.evergage.android:evergage-android-sdk:1.3.0] AndroidManifest.xml:37:17-39:64
117-->[com.evergage.android:evergage-android-sdk:1.3.0] AndroidManifest.xml:38:21-61
118
119                <action android:name="android.intent.action.VIEW" />
119-->[com.evergage.android:evergage-android-sdk:1.3.0] AndroidManifest.xml:41:17-69
119-->[com.evergage.android:evergage-android-sdk:1.3.0] AndroidManifest.xml:41:25-66
120
121                <category android:name="android.intent.category.DEFAULT" />
121-->src/main/AndroidManifest.xml:42:17-76
121-->src/main/AndroidManifest.xml:42:27-73
122                <category android:name="android.intent.category.BROWSABLE" />
122-->[com.evergage.android:evergage-android-sdk:1.3.0] AndroidManifest.xml:44:17-78
122-->[com.evergage.android:evergage-android-sdk:1.3.0] AndroidManifest.xml:44:27-75
123            </intent-filter>
124        </activity>
125        <!--
126             FirebaseMessagingService performs security checks at runtime,
127             but set to not exported to explicitly avoid allowing another app to call it.
128        -->
129        <service
129-->[com.google.firebase:firebase-messaging:20.0.1] AndroidManifest.xml:28:9-34:19
130            android:name="com.google.firebase.messaging.FirebaseMessagingService"
130-->[com.google.firebase:firebase-messaging:20.0.1] AndroidManifest.xml:29:13-82
131            android:exported="false" >
131-->[com.google.firebase:firebase-messaging:20.0.1] AndroidManifest.xml:30:13-37
132            <intent-filter android:priority="-500" >
132-->[:firebase_messaging] AndroidManifest.xml:9:13-11:29
133                <action android:name="com.google.firebase.MESSAGING_EVENT" />
133-->[:firebase_messaging] AndroidManifest.xml:10:17-78
133-->[:firebase_messaging] AndroidManifest.xml:10:25-75
134            </intent-filter>
135        </service>
136
137        <receiver
137-->[com.google.firebase:firebase-iid:20.0.1] AndroidManifest.xml:37:9-44:20
138            android:name="com.google.firebase.iid.FirebaseInstanceIdReceiver"
138-->[com.google.firebase:firebase-iid:20.0.1] AndroidManifest.xml:38:13-78
139            android:exported="true"
139-->[com.google.firebase:firebase-iid:20.0.1] AndroidManifest.xml:39:13-36
140            android:permission="com.google.android.c2dm.permission.SEND" >
140-->[com.google.firebase:firebase-iid:20.0.1] AndroidManifest.xml:40:13-73
141            <intent-filter>
141-->[com.google.firebase:firebase-iid:20.0.1] AndroidManifest.xml:41:13-43:29
142                <action android:name="com.google.android.c2dm.intent.RECEIVE" />
142-->[com.google.firebase:firebase-iid:20.0.1] AndroidManifest.xml:42:17-81
142-->[com.google.firebase:firebase-iid:20.0.1] AndroidManifest.xml:42:25-78
143            </intent-filter>
144        </receiver>
145
146        <provider
146-->[com.google.firebase:firebase-common:19.2.0] AndroidManifest.xml:19:9-23:39
147            android:name="com.google.firebase.provider.FirebaseInitProvider"
147-->[com.google.firebase:firebase-common:19.2.0] AndroidManifest.xml:20:13-77
148            android:authorities="com.example.sfmc_holoapp.firebaseinitprovider"
148-->[com.google.firebase:firebase-common:19.2.0] AndroidManifest.xml:21:13-72
149            android:exported="false"
149-->[com.google.firebase:firebase-common:19.2.0] AndroidManifest.xml:22:13-37
150            android:initOrder="100" />
150-->[com.google.firebase:firebase-common:19.2.0] AndroidManifest.xml:23:13-36
151
152        <activity
152-->[com.google.android.gms:play-services-base:17.0.0] AndroidManifest.xml:23:9-26:75
153            android:name="com.google.android.gms.common.api.GoogleApiActivity"
153-->[com.google.android.gms:play-services-base:17.0.0] AndroidManifest.xml:24:13-79
154            android:exported="false"
154-->[com.google.android.gms:play-services-base:17.0.0] AndroidManifest.xml:25:13-37
155            android:theme="@android:style/Theme.Translucent.NoTitleBar" />
155-->[com.google.android.gms:play-services-base:17.0.0] AndroidManifest.xml:26:13-72
156
157        <meta-data
157-->[com.google.android.gms:play-services-basement:17.0.0] AndroidManifest.xml:23:9-25:69
158            android:name="com.google.android.gms.version"
158-->[com.google.android.gms:play-services-basement:17.0.0] AndroidManifest.xml:24:13-58
159            android:value="@integer/google_play_services_version" />
159-->[com.google.android.gms:play-services-basement:17.0.0] AndroidManifest.xml:25:13-66
160    </application>
161
162</manifest>